mode: set
github.com/education-hub/BE/app/features/user/service/user.go:35.80,37.2 1 1
github.com/education-hub/BE/app/features/user/service/user.go:39.85,40.48 1 1
github.com/education-hub/BE/app/features/user/service/user.go:44.2,45.16 2 1
github.com/education-hub/BE/app/features/user/service/user.go:48.2,48.75 1 1
github.com/education-hub/BE/app/features/user/service/user.go:52.2,52.30 1 1
github.com/education-hub/BE/app/features/user/service/user.go:55.2,55.37 1 1
github.com/education-hub/BE/app/features/user/service/user.go:40.48,43.3 2 1
github.com/education-hub/BE/app/features/user/service/user.go:45.16,47.3 1 1
github.com/education-hub/BE/app/features/user/service/user.go:48.75,51.3 2 1
github.com/education-hub/BE/app/features/user/service/user.go:52.30,54.3 1 1
github.com/education-hub/BE/app/features/user/service/user.go:58.76,59.48 1 1
github.com/education-hub/BE/app/features/user/service/user.go:63.2,64.16 2 1
github.com/education-hub/BE/app/features/user/service/user.go:67.2,68.16 2 1
github.com/education-hub/BE/app/features/user/service/user.go:73.2,74.16 2 1
github.com/education-hub/BE/app/features/user/service/user.go:78.2,98.16 4 1
github.com/education-hub/BE/app/features/user/service/user.go:101.2,101.12 1 1
github.com/education-hub/BE/app/features/user/service/user.go:59.48,62.3 2 1
github.com/education-hub/BE/app/features/user/service/user.go:64.16,66.3 1 1
github.com/education-hub/BE/app/features/user/service/user.go:68.16,69.30 1 1
github.com/education-hub/BE/app/features/user/service/user.go:69.30,71.4 1 1
github.com/education-hub/BE/app/features/user/service/user.go:74.16,77.3 2 1
github.com/education-hub/BE/app/features/user/service/user.go:98.16,100.3 1 1
github.com/education-hub/BE/app/features/user/service/user.go:104.80,105.88 1 1
github.com/education-hub/BE/app/features/user/service/user.go:108.2,108.12 1 1
github.com/education-hub/BE/app/features/user/service/user.go:105.88,107.3 1 1
github.com/education-hub/BE/app/features/user/service/user.go:110.68,112.16 2 1
github.com/education-hub/BE/app/features/user/service/user.go:115.2,115.30 1 1
github.com/education-hub/BE/app/features/user/service/user.go:118.2,119.144 2 1
github.com/education-hub/BE/app/features/user/service/user.go:129.2,129.12 1 1
github.com/education-hub/BE/app/features/user/service/user.go:112.16,114.3 1 1
github.com/education-hub/BE/app/features/user/service/user.go:115.30,117.3 1 1
github.com/education-hub/BE/app/features/user/service/user.go:119.144,121.3 1 1
github.com/education-hub/BE/app/features/user/service/user.go:133.83,134.84 1 1
github.com/education-hub/BE/app/features/user/service/user.go:137.2,137.12 1 1
github.com/education-hub/BE/app/features/user/service/user.go:134.84,136.3 1 1
github.com/education-hub/BE/app/features/user/service/user.go:140.78,142.16 2 1
github.com/education-hub/BE/app/features/user/service/user.go:145.2,145.17 1 1
github.com/education-hub/BE/app/features/user/service/user.go:142.16,144.3 1 1
github.com/education-hub/BE/app/features/user/service/user.go:148.109,150.24 2 1
github.com/education-hub/BE/app/features/user/service/user.go:158.2,158.24 1 1
github.com/education-hub/BE/app/features/user/service/user.go:164.2,164.21 1 1
github.com/education-hub/BE/app/features/user/service/user.go:182.2,182.17 1 1
github.com/education-hub/BE/app/features/user/service/user.go:191.2,200.16 10 1
github.com/education-hub/BE/app/features/user/service/user.go:203.2,203.17 1 1
github.com/education-hub/BE/app/features/user/service/user.go:150.24,152.17 2 1
github.com/education-hub/BE/app/features/user/service/user.go:156.3,156.26 1 1
github.com/education-hub/BE/app/features/user/service/user.go:152.17,155.4 2 1
github.com/education-hub/BE/app/features/user/service/user.go:158.24,160.17 2 1
github.com/education-hub/BE/app/features/user/service/user.go:160.17,162.4 1 1
github.com/education-hub/BE/app/features/user/service/user.go:164.21,166.17 2 1
github.com/education-hub/BE/app/features/user/service/user.go:171.3,180.25 3 1
github.com/education-hub/BE/app/features/user/service/user.go:166.17,167.31 1 1
github.com/education-hub/BE/app/features/user/service/user.go:167.31,169.5 1 1
github.com/education-hub/BE/app/features/user/service/user.go:182.17,184.64 2 1
github.com/education-hub/BE/app/features/user/service/user.go:188.3,189.15 2 1
github.com/education-hub/BE/app/features/user/service/user.go:184.64,187.4 2 1
github.com/education-hub/BE/app/features/user/service/user.go:200.16,202.3 1 1
github.com/education-hub/BE/app/features/user/service/user.go:205.58,209.16 4 1
github.com/education-hub/BE/app/features/user/service/user.go:212.2,212.12 1 1
github.com/education-hub/BE/app/features/user/service/user.go:209.16,211.3 1 1
github.com/education-hub/BE/app/features/school/service/school.go:45.88,47.2 1 1
github.com/education-hub/BE/app/features/school/service/school.go:49.129,50.48 1 1
github.com/education-hub/BE/app/features/school/service/school.go:55.2,55.79 1 1
github.com/education-hub/BE/app/features/school/service/school.go:58.2,58.62 1 1
github.com/education-hub/BE/app/features/school/service/school.go:61.2,83.12 5 1
github.com/education-hub/BE/app/features/school/service/school.go:98.2,98.12 1 1
github.com/education-hub/BE/app/features/school/service/school.go:112.2,114.27 3 1
github.com/education-hub/BE/app/features/school/service/school.go:119.2,121.17 3 1
github.com/education-hub/BE/app/features/school/service/school.go:124.2,124.16 1 1
github.com/education-hub/BE/app/features/school/service/school.go:50.48,53.3 2 1
github.com/education-hub/BE/app/features/school/service/school.go:55.79,57.3 1 1
github.com/education-hub/BE/app/features/school/service/school.go:58.62,60.3 1 1
github.com/education-hub/BE/app/features/school/service/school.go:83.12,86.65 3 1
github.com/education-hub/BE/app/features/school/service/school.go:92.3,95.9 4 1
github.com/education-hub/BE/app/features/school/service/school.go:86.65,91.4 4 1
github.com/education-hub/BE/app/features/school/service/school.go:98.12,101.63 3 1
github.com/education-hub/BE/app/features/school/service/school.go:107.3,110.9 4 1
github.com/education-hub/BE/app/features/school/service/school.go:101.63,106.4 4 1
github.com/education-hub/BE/app/features/school/service/school.go:114.27,115.17 1 1
github.com/education-hub/BE/app/features/school/service/school.go:115.17,117.4 1 1
github.com/education-hub/BE/app/features/school/service/school.go:121.17,123.3 1 1
github.com/education-hub/BE/app/features/school/service/school.go:126.149,127.48 1 1
github.com/education-hub/BE/app/features/school/service/school.go:131.2,131.20 1 1
github.com/education-hub/BE/app/features/school/service/school.go:139.2,162.18 3 1
github.com/education-hub/BE/app/features/school/service/school.go:171.2,171.16 1 1
github.com/education-hub/BE/app/features/school/service/school.go:180.2,181.16 2 1
github.com/education-hub/BE/app/features/school/service/school.go:184.2,206.18 2 1
github.com/education-hub/BE/app/features/school/service/school.go:127.48,130.3 2 1
github.com/education-hub/BE/app/features/school/service/school.go:131.20,132.80 1 1
github.com/education-hub/BE/app/features/school/service/school.go:135.3,135.63 1 1
github.com/education-hub/BE/app/features/school/service/school.go:132.80,134.4 1 1
github.com/education-hub/BE/app/features/school/service/school.go:135.63,137.4 1 1
github.com/education-hub/BE/app/features/school/service/school.go:162.18,164.63 2 1
github.com/education-hub/BE/app/features/school/service/school.go:168.3,169.16 2 1
github.com/education-hub/BE/app/features/school/service/school.go:164.63,167.4 2 1
github.com/education-hub/BE/app/features/school/service/school.go:171.16,173.61 2 1
github.com/education-hub/BE/app/features/school/service/school.go:177.3,178.14 2 1
github.com/education-hub/BE/app/features/school/service/school.go:173.61,176.4 2 1
github.com/education-hub/BE/app/features/school/service/school.go:181.16,183.3 1 1
github.com/education-hub/BE/app/features/school/service/school.go:208.47,210.2 1 1
github.com/education-hub/BE/app/features/school/service/school.go:212.118,213.48 1 1
github.com/education-hub/BE/app/features/school/service/school.go:217.2,218.62 2 1
github.com/education-hub/BE/app/features/school/service/school.go:223.2,231.16 4 1
github.com/education-hub/BE/app/features/school/service/school.go:234.2,234.17 1 1
github.com/education-hub/BE/app/features/school/service/school.go:213.48,216.3 2 1
github.com/education-hub/BE/app/features/school/service/school.go:218.62,222.3 3 1
github.com/education-hub/BE/app/features/school/service/school.go:231.16,233.3 1 1
github.com/education-hub/BE/app/features/school/service/school.go:237.71,238.80 1 1
github.com/education-hub/BE/app/features/school/service/school.go:241.2,241.12 1 1
github.com/education-hub/BE/app/features/school/service/school.go:238.80,240.3 1 1
github.com/education-hub/BE/app/features/school/service/school.go:244.124,245.48 1 1
github.com/education-hub/BE/app/features/school/service/school.go:249.2,257.16 5 1
github.com/education-hub/BE/app/features/school/service/school.go:260.2,260.18 1 1
github.com/education-hub/BE/app/features/school/service/school.go:268.2,268.31 1 1
github.com/education-hub/BE/app/features/school/service/school.go:245.48,248.3 2 1
github.com/education-hub/BE/app/features/school/service/school.go:257.16,259.3 1 1
github.com/education-hub/BE/app/features/school/service/school.go:260.18,261.63 1 1
github.com/education-hub/BE/app/features/school/service/school.go:266.3,266.16 1 1
github.com/education-hub/BE/app/features/school/service/school.go:261.63,265.4 3 1
github.com/education-hub/BE/app/features/school/service/school.go:271.127,272.48 1 1
github.com/education-hub/BE/app/features/school/service/school.go:276.2,277.62 2 1
github.com/education-hub/BE/app/features/school/service/school.go:282.2,290.16 4 1
github.com/education-hub/BE/app/features/school/service/school.go:293.2,293.17 1 1
github.com/education-hub/BE/app/features/school/service/school.go:272.48,275.3 2 1
github.com/education-hub/BE/app/features/school/service/school.go:277.62,281.3 3 1
github.com/education-hub/BE/app/features/school/service/school.go:290.16,292.3 1 1
github.com/education-hub/BE/app/features/school/service/school.go:296.75,297.84 1 1
github.com/education-hub/BE/app/features/school/service/school.go:300.2,300.12 1 1
github.com/education-hub/BE/app/features/school/service/school.go:297.84,299.3 1 1
github.com/education-hub/BE/app/features/school/service/school.go:303.133,304.48 1 1
github.com/education-hub/BE/app/features/school/service/school.go:308.2,316.16 5 1
github.com/education-hub/BE/app/features/school/service/school.go:319.2,319.18 1 1
github.com/education-hub/BE/app/features/school/service/school.go:327.2,327.31 1 1
github.com/education-hub/BE/app/features/school/service/school.go:304.48,307.3 2 1
github.com/education-hub/BE/app/features/school/service/school.go:316.16,318.3 1 1
github.com/education-hub/BE/app/features/school/service/school.go:319.18,320.63 1 1
github.com/education-hub/BE/app/features/school/service/school.go:325.3,325.16 1 1
github.com/education-hub/BE/app/features/school/service/school.go:320.63,324.4 3 1
github.com/education-hub/BE/app/features/school/service/school.go:329.90,331.16 2 0
github.com/education-hub/BE/app/features/school/service/school.go:334.2,357.40 2 0
github.com/education-hub/BE/app/features/school/service/school.go:366.2,366.44 1 0
github.com/education-hub/BE/app/features/school/service/school.go:375.2,375.36 1 0
github.com/education-hub/BE/app/features/school/service/school.go:394.2,394.18 1 0
github.com/education-hub/BE/app/features/school/service/school.go:331.16,333.3 1 0
github.com/education-hub/BE/app/features/school/service/school.go:357.40,364.3 2 0
github.com/education-hub/BE/app/features/school/service/school.go:366.44,374.3 2 0
github.com/education-hub/BE/app/features/school/service/school.go:375.36,376.24 1 0
github.com/education-hub/BE/app/features/school/service/school.go:376.24,384.4 2 0
github.com/education-hub/BE/app/features/school/service/school.go:384.9,392.4 2 0
github.com/education-hub/BE/app/features/school/service/school.go:396.88,399.16 2 0
github.com/education-hub/BE/app/features/school/service/school.go:402.2,426.40 2 0
github.com/education-hub/BE/app/features/school/service/school.go:435.2,435.44 1 0
github.com/education-hub/BE/app/features/school/service/school.go:444.2,444.36 1 0
github.com/education-hub/BE/app/features/school/service/school.go:464.2,464.18 1 0
github.com/education-hub/BE/app/features/school/service/school.go:399.16,401.3 1 0
github.com/education-hub/BE/app/features/school/service/school.go:426.40,433.3 2 0
github.com/education-hub/BE/app/features/school/service/school.go:435.44,443.3 2 0
github.com/education-hub/BE/app/features/school/service/school.go:444.36,445.24 1 0
github.com/education-hub/BE/app/features/school/service/school.go:445.24,453.4 2 0
github.com/education-hub/BE/app/features/school/service/school.go:453.9,461.4 2 0
github.com/education-hub/BE/app/features/school/service/school.go:467.81,468.48 1 1
github.com/education-hub/BE/app/features/school/service/school.go:472.2,478.16 3 1
github.com/education-hub/BE/app/features/school/service/school.go:481.2,481.17 1 1
github.com/education-hub/BE/app/features/school/service/school.go:468.48,471.3 2 1
github.com/education-hub/BE/app/features/school/service/school.go:478.16,480.3 1 1
github.com/education-hub/BE/app/features/school/service/school.go:484.63,485.72 1 1
github.com/education-hub/BE/app/features/school/service/school.go:488.2,488.12 1 1
github.com/education-hub/BE/app/features/school/service/school.go:485.72,487.3 1 1
github.com/education-hub/BE/app/features/school/service/school.go:491.87,492.48 1 1
github.com/education-hub/BE/app/features/school/service/school.go:496.2,502.16 4 1
github.com/education-hub/BE/app/features/school/service/school.go:505.2,505.31 1 1
github.com/education-hub/BE/app/features/school/service/school.go:492.48,495.3 2 1
github.com/education-hub/BE/app/features/school/service/school.go:502.16,504.3 1 1
github.com/education-hub/BE/app/features/school/service/school.go:508.111,509.48 1 1
github.com/education-hub/BE/app/features/school/service/school.go:513.2,514.62 2 1
github.com/education-hub/BE/app/features/school/service/school.go:519.2,521.24 3 1
github.com/education-hub/BE/app/features/school/service/school.go:524.2,533.16 3 1
github.com/education-hub/BE/app/features/school/service/school.go:536.2,536.17 1 1
github.com/education-hub/BE/app/features/school/service/school.go:509.48,512.3 2 1
github.com/education-hub/BE/app/features/school/service/school.go:514.62,518.3 3 1
github.com/education-hub/BE/app/features/school/service/school.go:521.24,523.3 1 1
github.com/education-hub/BE/app/features/school/service/school.go:533.16,535.3 1 1
github.com/education-hub/BE/app/features/school/service/school.go:539.67,540.76 1 1
github.com/education-hub/BE/app/features/school/service/school.go:543.2,543.12 1 1
github.com/education-hub/BE/app/features/school/service/school.go:540.76,542.3 1 1
github.com/education-hub/BE/app/features/school/service/school.go:546.117,547.48 1 1
github.com/education-hub/BE/app/features/school/service/school.go:551.2,553.25 3 1
github.com/education-hub/BE/app/features/school/service/school.go:560.2,561.25 2 1
github.com/education-hub/BE/app/features/school/service/school.go:564.2,573.16 4 1
github.com/education-hub/BE/app/features/school/service/school.go:576.2,576.18 1 1
github.com/education-hub/BE/app/features/school/service/school.go:584.2,584.31 1 1
github.com/education-hub/BE/app/features/school/service/school.go:547.48,550.3 2 1
github.com/education-hub/BE/app/features/school/service/school.go:553.25,554.25 1 1
github.com/education-hub/BE/app/features/school/service/school.go:554.25,556.4 1 1
github.com/education-hub/BE/app/features/school/service/school.go:556.9,558.4 1 1
github.com/education-hub/BE/app/features/school/service/school.go:561.25,563.3 1 1
github.com/education-hub/BE/app/features/school/service/school.go:573.16,575.3 1 1
github.com/education-hub/BE/app/features/school/service/school.go:576.18,577.63 1 1
github.com/education-hub/BE/app/features/school/service/school.go:582.3,582.16 1 1
github.com/education-hub/BE/app/features/school/service/school.go:577.63,581.4 3 1
